{"/Users/liqingdong/WebstormProjects/handwriting/src/utils/Array/generateArr.ts": {"path":"/Users/liqingdong/WebstormProjects/handwriting/src/utils/Array/generateArr.ts","statementMap":{"0":{"start":{"line":2,"column":2},"end":{"line":2,"column":33}}},"fnMap":{"0":{"name":"generateArr","decl":{"start":{"line":1,"column":16},"end":{"line":1,"column":27}},"loc":{"start":{"line":1,"column":84},"end":{"line":3,"column":1}},"line":1}},"branchMap":{},"s":{"0":1},"f":{"0":1},"b":{},"_coverageSchema":"1a1c01bbd47fc00a2c39e90264f33305004495a9","hash":"48bd790578f422c5e477fd271f62934433d81ef3"}
}
