{"/Users/liqingdong/WebstormProjects/handwriting/src/utils/Array/chunk.ts": {"path":"/Users/liqingdong/WebstormProjects/handwriting/src/utils/Array/chunk.ts","statementMap":{"0":{"start":{"line":1,"column":21},"end":{"line":10,"column":1}},"1":{"start":{"line":2,"column":20},"end":{"line":2,"column":37}},"2":{"start":{"line":3,"column":19},"end":{"line":3,"column":48}},"3":{"start":{"line":4,"column":22},"end":{"line":4,"column":24}},"4":{"start":{"line":5,"column":2},"end":{"line":7,"column":3}},"5":{"start":{"line":5,"column":15},"end":{"line":5,"column":16}},"6":{"start":{"line":6,"column":4},"end":{"line":6,"column":51}},"7":{"start":{"line":8,"column":2},"end":{"line":8,"column":35}},"8":{"start":{"line":9,"column":2},"end":{"line":9,"column":14}}},"fnMap":{"0":{"name":"(anonymous_0)","decl":{"start":{"line":1,"column":21},"end":{"line":1,"column":22}},"loc":{"start":{"line":1,"column":51},"end":{"line":10,"column":1}},"line":1}},"branchMap":{},"s":{"0":1,"1":1,"2":1,"3":1,"4":1,"5":1,"6":2,"7":1,"8":1},"f":{"0":1},"b":{},"_coverageSchema":"1a1c01bbd47fc00a2c39e90264f33305004495a9","hash":"44ca1872c2695854688426f061097999c7d518f6"}
,"/Users/liqingdong/WebstormProjects/handwriting/src/utils/Array/compactFalse.ts": {"path":"/Users/liqingdong/WebstormProjects/handwriting/src/utils/Array/compactFalse.ts","statementMap":{"0":{"start":{"line":4,"column":28},"end":{"line":13,"column":1}},"1":{"start":{"line":5,"column":2},"end":{"line":12,"column":5}},"2":{"start":{"line":6,"column":4},"end":{"line":10,"column":5}},"3":{"start":{"line":7,"column":6},"end":{"line":7,"column":19}},"4":{"start":{"line":8,"column":11},"end":{"line":10,"column":5}},"5":{"start":{"line":9,"column":6},"end":{"line":9,"column":19}},"6":{"start":{"line":11,"column":4},"end":{"line":11,"column":16}}},"fnMap":{"0":{"name":"(anonymous_0)","decl":{"start":{"line":4,"column":28},"end":{"line":4,"column":29}},"loc":{"start":{"line":4,"column":44},"end":{"line":13,"column":1}},"line":4},"1":{"name":"(anonymous_1)","decl":{"start":{"line":5,"column":20},"end":{"line":5,"column":21}},"loc":{"start":{"line":5,"column":30},"end":{"line":12,"column":3}},"line":5}},"branchMap":{"0":{"loc":{"start":{"line":6,"column":4},"end":{"line":10,"column":5}},"type":"if","locations":[{"start":{"line":6,"column":4},"end":{"line":10,"column":5}},{"start":{"line":8,"column":11},"end":{"line":10,"column":5}}],"line":6},"1":{"loc":{"start":{"line":6,"column":8},"end":{"line":6,"column":81}},"type":"binary-expr","locations":[{"start":{"line":6,"column":8},"end":{"line":6,"column":44}},{"start":{"line":6,"column":48},"end":{"line":6,"column":81}}],"line":6},"2":{"loc":{"start":{"line":8,"column":11},"end":{"line":10,"column":5}},"type":"if","locations":[{"start":{"line":8,"column":11},"end":{"line":10,"column":5}},{"start":{},"end":{}}],"line":8},"3":{"loc":{"start":{"line":8,"column":15},"end":{"line":8,"column":84}},"type":"binary-expr","locations":[{"start":{"line":8,"column":15},"end":{"line":8,"column":51}},{"start":{"line":8,"column":55},"end":{"line":8,"column":84}}],"line":8}},"s":{"0":1,"1":1,"2":9,"3":1,"4":8,"5":1,"6":7},"f":{"0":1,"1":9},"b":{"0":[1,8],"1":[9,1],"2":[1,7],"3":[8,1]},"_coverageSchema":"1a1c01bbd47fc00a2c39e90264f33305004495a9","hash":"ebfe90260b9eee58986e5aed8f84c6630c02e3ba"}
,"/Users/liqingdong/WebstormProjects/handwriting/src/utils/Array/concat.ts": {"path":"/Users/liqingdong/WebstormProjects/handwriting/src/utils/Array/concat.ts","statementMap":{"0":{"start":{"line":3,"column":22},"end":{"line":16,"column":1}},"1":{"start":{"line":4,"column":24},"end":{"line":4,"column":38}},"2":{"start":{"line":5,"column":2},"end":{"line":14,"column":3}},"3":{"start":{"line":6,"column":17},"end":{"line":6,"column":34}},"4":{"start":{"line":7,"column":4},"end":{"line":13,"column":5}},"5":{"start":{"line":8,"column":6},"end":{"line":10,"column":7}},"6":{"start":{"line":9,"column":8},"end":{"line":9,"column":26}},"7":{"start":{"line":12,"column":6},"end":{"line":12,"column":23}},"8":{"start":{"line":15,"column":2},"end":{"line":15,"column":16}}},"fnMap":{"0":{"name":"(anonymous_0)","decl":{"start":{"line":3,"column":22},"end":{"line":3,"column":23}},"loc":{"start":{"line":3,"column":55},"end":{"line":16,"column":1}},"line":3}},"branchMap":{"0":{"loc":{"start":{"line":7,"column":4},"end":{"line":13,"column":5}},"type":"if","locations":[{"start":{"line":7,"column":4},"end":{"line":13,"column":5}},{"start":{"line":11,"column":11},"end":{"line":13,"column":5}}],"line":7}},"s":{"0":1,"1":1,"2":1,"3":3,"4":3,"5":1,"6":2,"7":2,"8":1},"f":{"0":1},"b":{"0":[1,2]},"_coverageSchema":"1a1c01bbd47fc00a2c39e90264f33305004495a9","hash":"5f033ae00f7e8ae37d29d6c933888ba590f2ccb6"}
,"/Users/liqingdong/WebstormProjects/handwriting/src/utils/Array/difference.ts": {"path":"/Users/liqingdong/WebstormProjects/handwriting/src/utils/Array/difference.ts","statementMap":{"0":{"start":{"line":6,"column":26},"end":{"line":16,"column":1}},"1":{"start":{"line":7,"column":2},"end":{"line":15,"column":5}},"2":{"start":{"line":8,"column":15},"end":{"line":8,"column":19}},"3":{"start":{"line":9,"column":4},"end":{"line":13,"column":5}},"4":{"start":{"line":9,"column":17},"end":{"line":9,"column":18}},"5":{"start":{"line":10,"column":6},"end":{"line":12,"column":7}},"6":{"start":{"line":11,"column":8},"end":{"line":11,"column":21}},"7":{"start":{"line":14,"column":4},"end":{"line":14,"column":16}}},"fnMap":{"0":{"name":"(anonymous_0)","decl":{"start":{"line":6,"column":26},"end":{"line":6,"column":27}},"loc":{"start":{"line":6,"column":61},"end":{"line":16,"column":1}},"line":6},"1":{"name":"(anonymous_1)","decl":{"start":{"line":7,"column":20},"end":{"line":7,"column":21}},"loc":{"start":{"line":7,"column":30},"end":{"line":15,"column":3}},"line":7}},"branchMap":{"0":{"loc":{"start":{"line":10,"column":6},"end":{"line":12,"column":7}},"type":"if","locations":[{"start":{"line":10,"column":6},"end":{"line":12,"column":7}},{"start":{},"end":{}}],"line":10}},"s":{"0":1,"1":1,"2":4,"3":4,"4":4,"5":8,"6":2,"7":4},"f":{"0":1,"1":4},"b":{"0":[2,6]},"_coverageSchema":"1a1c01bbd47fc00a2c39e90264f33305004495a9","hash":"e7658041b9556183dbc82d8abb3a59a87a843860"}
,"/Users/liqingdong/WebstormProjects/handwriting/src/utils/Array/dropRepeat.ts": {"path":"/Users/liqingdong/WebstormProjects/handwriting/src/utils/Array/dropRepeat.ts","statementMap":{"0":{"start":{"line":1,"column":26},"end":{"line":6,"column":1}},"1":{"start":{"line":2,"column":2},"end":{"line":2,"column":37}},"2":{"start":{"line":2,"column":27},"end":{"line":2,"column":37}},"3":{"start":{"line":3,"column":2},"end":{"line":5,"column":5}},"4":{"start":{"line":4,"column":4},"end":{"line":4,"column":42}}},"fnMap":{"0":{"name":"(anonymous_0)","decl":{"start":{"line":1,"column":26},"end":{"line":1,"column":27}},"loc":{"start":{"line":1,"column":42},"end":{"line":6,"column":1}},"line":1},"1":{"name":"(anonymous_1)","decl":{"start":{"line":3,"column":20},"end":{"line":3,"column":21}},"loc":{"start":{"line":3,"column":37},"end":{"line":5,"column":3}},"line":3}},"branchMap":{"0":{"loc":{"start":{"line":2,"column":2},"end":{"line":2,"column":37}},"type":"if","locations":[{"start":{"line":2,"column":2},"end":{"line":2,"column":37}},{"start":{},"end":{}}],"line":2}},"s":{"0":1,"1":1,"2":0,"3":1,"4":6},"f":{"0":1,"1":6},"b":{"0":[0,1]},"_coverageSchema":"1a1c01bbd47fc00a2c39e90264f33305004495a9","hash":"f1a1d7e98573de2d2cbd71bf6af9289fa6b06a9c"}
,"/Users/liqingdong/WebstormProjects/handwriting/src/utils/Array/dropRepeatDepth.ts": {"path":"/Users/liqingdong/WebstormProjects/handwriting/src/utils/Array/dropRepeatDepth.ts","statementMap":{"0":{"start":{"line":3,"column":31},"end":{"line":13,"column":1}},"1":{"start":{"line":4,"column":2},"end":{"line":12,"column":5}},"2":{"start":{"line":6,"column":4},"end":{"line":10,"column":5}},"3":{"start":{"line":7,"column":6},"end":{"line":7,"column":44}},"4":{"start":{"line":9,"column":6},"end":{"line":9,"column":44}},"5":{"start":{"line":11,"column":4},"end":{"line":11,"column":16}}},"fnMap":{"0":{"name":"(anonymous_0)","decl":{"start":{"line":3,"column":31},"end":{"line":3,"column":32}},"loc":{"start":{"line":3,"column":47},"end":{"line":13,"column":1}},"line":3},"1":{"name":"(anonymous_1)","decl":{"start":{"line":4,"column":20},"end":{"line":4,"column":21}},"loc":{"start":{"line":4,"column":37},"end":{"line":12,"column":3}},"line":4}},"branchMap":{"0":{"loc":{"start":{"line":6,"column":4},"end":{"line":10,"column":5}},"type":"if","locations":[{"start":{"line":6,"column":4},"end":{"line":10,"column":5}},{"start":{"line":8,"column":11},"end":{"line":10,"column":5}}],"line":6}},"s":{"0":1,"1":1,"2":7,"3":4,"4":3,"5":7},"f":{"0":1,"1":7},"b":{"0":[4,3]},"_coverageSchema":"1a1c01bbd47fc00a2c39e90264f33305004495a9","hash":"9f224eb33c6d79bd24bb4f61fedb961e5208e871"}
,"/Users/liqingdong/WebstormProjects/handwriting/src/utils/Array/findIndex.ts": {"path":"/Users/liqingdong/WebstormProjects/handwriting/src/utils/Array/findIndex.ts","statementMap":{"0":{"start":{"line":3,"column":25},"end":{"line":14,"column":1}},"1":{"start":{"line":4,"column":2},"end":{"line":4,"column":61}},"2":{"start":{"line":4,"column":54},"end":{"line":4,"column":61}},"3":{"start":{"line":5,"column":14},"end":{"line":5,"column":16}},"4":{"start":{"line":6,"column":2},"end":{"line":12,"column":3}},"5":{"start":{"line":6,"column":15},"end":{"line":6,"column":16}},"6":{"start":{"line":7,"column":16},"end":{"line":7,"column":38}},"7":{"start":{"line":8,"column":4},"end":{"line":11,"column":5}},"8":{"start":{"line":9,"column":6},"end":{"line":9,"column":16}},"9":{"start":{"line":10,"column":6},"end":{"line":10,"column":12}},"10":{"start":{"line":13,"column":2},"end":{"line":13,"column":15}}},"fnMap":{"0":{"name":"(anonymous_0)","decl":{"start":{"line":3,"column":25},"end":{"line":3,"column":26}},"loc":{"start":{"line":3,"column":54},"end":{"line":14,"column":1}},"line":3}},"branchMap":{"0":{"loc":{"start":{"line":4,"column":2},"end":{"line":4,"column":61}},"type":"if","locations":[{"start":{"line":4,"column":2},"end":{"line":4,"column":61}},{"start":{},"end":{}}],"line":4},"1":{"loc":{"start":{"line":4,"column":6},"end":{"line":4,"column":52}},"type":"binary-expr","locations":[{"start":{"line":4,"column":6},"end":{"line":4,"column":29}},{"start":{"line":4,"column":33},"end":{"line":4,"column":52}}],"line":4},"2":{"loc":{"start":{"line":8,"column":4},"end":{"line":11,"column":5}},"type":"if","locations":[{"start":{"line":8,"column":4},"end":{"line":11,"column":5}},{"start":{},"end":{}}],"line":8}},"s":{"0":2,"1":6,"2":0,"3":6,"4":6,"5":6,"6":25,"7":25,"8":6,"9":6,"10":6},"f":{"0":6},"b":{"0":[0,6],"1":[6,6],"2":[6,19]},"_coverageSchema":"1a1c01bbd47fc00a2c39e90264f33305004495a9","hash":"446ff0d2335f13e2a464ef3f5e4d3a0edce81d72"}
,"/Users/liqingdong/WebstormProjects/handwriting/src/utils/Array/flat.ts": {"path":"/Users/liqingdong/WebstormProjects/handwriting/src/utils/Array/flat.ts","statementMap":{"0":{"start":{"line":5,"column":20},"end":{"line":20,"column":1}},"1":{"start":{"line":6,"column":26},"end":{"line":6,"column":28}},"2":{"start":{"line":7,"column":2},"end":{"line":18,"column":3}},"3":{"start":{"line":8,"column":4},"end":{"line":8,"column":23}},"4":{"start":{"line":9,"column":4},"end":{"line":9,"column":20}},"5":{"start":{"line":11,"column":4},"end":{"line":17,"column":5}},"6":{"start":{"line":11,"column":17},"end":{"line":11,"column":18}},"7":{"start":{"line":12,"column":6},"end":{"line":16,"column":7}},"8":{"start":{"line":13,"column":8},"end":{"line":13,"column":30}},"9":{"start":{"line":15,"column":8},"end":{"line":15,"column":39}},"10":{"start":{"line":19,"column":2},"end":{"line":19,"column":18}}},"fnMap":{"0":{"name":"(anonymous_0)","decl":{"start":{"line":5,"column":20},"end":{"line":5,"column":21}},"loc":{"start":{"line":5,"column":36},"end":{"line":20,"column":1}},"line":5}},"branchMap":{"0":{"loc":{"start":{"line":7,"column":2},"end":{"line":18,"column":3}},"type":"if","locations":[{"start":{"line":7,"column":2},"end":{"line":18,"column":3}},{"start":{"line":10,"column":9},"end":{"line":18,"column":3}}],"line":7},"1":{"loc":{"start":{"line":12,"column":6},"end":{"line":16,"column":7}},"type":"if","locations":[{"start":{"line":12,"column":6},"end":{"line":16,"column":7}},{"start":{"line":14,"column":13},"end":{"line":16,"column":7}}],"line":12}},"s":{"0":1,"1":3,"2":3,"3":0,"4":0,"5":3,"6":3,"7":9,"8":7,"9":2,"10":3},"f":{"0":3},"b":{"0":[0,3],"1":[7,2]},"_coverageSchema":"1a1c01bbd47fc00a2c39e90264f33305004495a9","hash":"4e3e2d73d125177fabf5fd28d2d66cb91ee87957"}
,"/Users/liqingdong/WebstormProjects/handwriting/src/utils/Array/flattenDepth.ts": {"path":"/Users/liqingdong/WebstormProjects/handwriting/src/utils/Array/flattenDepth.ts","statementMap":{"0":{"start":{"line":1,"column":28},"end":{"line":16,"column":1}},"1":{"start":{"line":2,"column":24},"end":{"line":2,"column":26}},"2":{"start":{"line":3,"column":2},"end":{"line":14,"column":3}},"3":{"start":{"line":4,"column":4},"end":{"line":4,"column":21}},"4":{"start":{"line":6,"column":4},"end":{"line":13,"column":5}},"5":{"start":{"line":7,"column":6},"end":{"line":12,"column":7}},"6":{"start":{"line":8,"column":8},"end":{"line":8,"column":16}},"7":{"start":{"line":9,"column":8},"end":{"line":9,"column":50}},"8":{"start":{"line":11,"column":8},"end":{"line":11,"column":26}},"9":{"start":{"line":15,"column":2},"end":{"line":15,"column":16}}},"fnMap":{"0":{"name":"(anonymous_0)","decl":{"start":{"line":1,"column":28},"end":{"line":1,"column":29}},"loc":{"start":{"line":1,"column":63},"end":{"line":16,"column":1}},"line":1}},"branchMap":{"0":{"loc":{"start":{"line":1,"column":41},"end":{"line":1,"column":58}},"type":"default-arg","locations":[{"start":{"line":1,"column":57},"end":{"line":1,"column":58}}],"line":1},"1":{"loc":{"start":{"line":3,"column":2},"end":{"line":14,"column":3}},"type":"if","locations":[{"start":{"line":3,"column":2},"end":{"line":14,"column":3}},{"start":{"line":5,"column":9},"end":{"line":14,"column":3}}],"line":3},"2":{"loc":{"start":{"line":7,"column":6},"end":{"line":12,"column":7}},"type":"if","locations":[{"start":{"line":7,"column":6},"end":{"line":12,"column":7}},{"start":{"line":10,"column":13},"end":{"line":12,"column":7}}],"line":7},"3":{"loc":{"start":{"line":7,"column":10},"end":{"line":7,"column":42}},"type":"binary-expr","locations":[{"start":{"line":7,"column":10},"end":{"line":7,"column":29}},{"start":{"line":7,"column":33},"end":{"line":7,"column":42}}],"line":7}},"s":{"0":1,"1":5,"2":5,"3":0,"4":5,"5":14,"6":3,"7":3,"8":11,"9":5},"f":{"0":5},"b":{"0":[1],"1":[0,5],"2":[3,11],"3":[14,5]},"_coverageSchema":"1a1c01bbd47fc00a2c39e90264f33305004495a9","hash":"a3b1ee380ac6172c476b83fcaa9941196b449098"}
,"/Users/liqingdong/WebstormProjects/handwriting/src/utils/Array/fromPairs.ts": {"path":"/Users/liqingdong/WebstormProjects/handwriting/src/utils/Array/fromPairs.ts","statementMap":{"0":{"start":{"line":1,"column":25},"end":{"line":12,"column":1}},"1":{"start":{"line":2,"column":20},"end":{"line":2,"column":22}},"2":{"start":{"line":4,"column":2},"end":{"line":10,"column":3}},"3":{"start":{"line":5,"column":4},"end":{"line":9,"column":5}},"4":{"start":{"line":6,"column":6},"end":{"line":6,"column":23}},"5":{"start":{"line":8,"column":6},"end":{"line":8,"column":55}},"6":{"start":{"line":11,"column":2},"end":{"line":11,"column":19}}},"fnMap":{"0":{"name":"(anonymous_0)","decl":{"start":{"line":1,"column":25},"end":{"line":1,"column":26}},"loc":{"start":{"line":1,"column":48},"end":{"line":12,"column":1}},"line":1}},"branchMap":{"0":{"loc":{"start":{"line":5,"column":4},"end":{"line":9,"column":5}},"type":"if","locations":[{"start":{"line":5,"column":4},"end":{"line":9,"column":5}},{"start":{"line":7,"column":11},"end":{"line":9,"column":5}}],"line":5}},"s":{"0":1,"1":1,"2":1,"3":2,"4":0,"5":2,"6":1},"f":{"0":1},"b":{"0":[0,2]},"_coverageSchema":"1a1c01bbd47fc00a2c39e90264f33305004495a9","hash":"f4ee4b64686242ca6771ba13a64c0949f7a70ef1"}
,"/Users/liqingdong/WebstormProjects/handwriting/src/utils/Array/generateArr.ts": {"path":"/Users/liqingdong/WebstormProjects/handwriting/src/utils/Array/generateArr.ts","statementMap":{"0":{"start":{"line":2,"column":2},"end":{"line":2,"column":33}}},"fnMap":{"0":{"name":"generateArr","decl":{"start":{"line":1,"column":16},"end":{"line":1,"column":27}},"loc":{"start":{"line":1,"column":84},"end":{"line":3,"column":1}},"line":1}},"branchMap":{},"s":{"0":1},"f":{"0":1},"b":{},"_coverageSchema":"1a1c01bbd47fc00a2c39e90264f33305004495a9","hash":"48bd790578f422c5e477fd271f62934433d81ef3"}
,"/Users/liqingdong/WebstormProjects/handwriting/src/utils/Object/deepClone.ts": {"path":"/Users/liqingdong/WebstormProjects/handwriting/src/utils/Object/deepClone.ts","statementMap":{"0":{"start":{"line":5,"column":25},"end":{"line":36,"column":1}},"1":{"start":{"line":6,"column":2},"end":{"line":6,"column":57}},"2":{"start":{"line":6,"column":40},"end":{"line":6,"column":57}},"3":{"start":{"line":7,"column":18},"end":{"line":7,"column":59}},"4":{"start":{"line":8,"column":41},"end":{"line":8,"column":80}},"5":{"start":{"line":10,"column":2},"end":{"line":34,"column":3}},"6":{"start":{"line":11,"column":4},"end":{"line":33,"column":5}},"7":{"start":{"line":12,"column":6},"end":{"line":32,"column":7}},"8":{"start":{"line":14,"column":8},"end":{"line":31,"column":9}},"9":{"start":{"line":15,"column":10},"end":{"line":15,"column":72}},"10":{"start":{"line":16,"column":15},"end":{"line":31,"column":9}},"11":{"start":{"line":18,"column":10},"end":{"line":18,"column":64}},"12":{"start":{"line":19,"column":15},"end":{"line":31,"column":9}},"13":{"start":{"line":21,"column":23},"end":{"line":21,"column":80}},"14":{"start":{"line":22,"column":10},"end":{"line":22,"column":50}},"15":{"start":{"line":24,"column":10},"end":{"line":30,"column":11}},"16":{"start":{"line":26,"column":12},"end":{"line":26,"column":55}},"17":{"start":{"line":29,"column":12},"end":{"line":29,"column":44}},"18":{"start":{"line":35,"column":2},"end":{"line":35,"column":19}}},"fnMap":{"0":{"name":"(anonymous_0)","decl":{"start":{"line":5,"column":25},"end":{"line":5,"column":26}},"loc":{"start":{"line":5,"column":45},"end":{"line":36,"column":1}},"line":5}},"branchMap":{"0":{"loc":{"start":{"line":6,"column":2},"end":{"line":6,"column":57}},"type":"if","locations":[{"start":{"line":6,"column":2},"end":{"line":6,"column":57}},{"start":{},"end":{}}],"line":6},"1":{"loc":{"start":{"line":8,"column":41},"end":{"line":8,"column":80}},"type":"cond-expr","locations":[{"start":{"line":8,"column":73},"end":{"line":8,"column":75}},{"start":{"line":8,"column":78},"end":{"line":8,"column":80}}],"line":8},"2":{"loc":{"start":{"line":11,"column":4},"end":{"line":33,"column":5}},"type":"if","locations":[{"start":{"line":11,"column":4},"end":{"line":33,"column":5}},{"start":{},"end":{}}],"line":11},"3":{"loc":{"start":{"line":12,"column":6},"end":{"line":32,"column":7}},"type":"if","locations":[{"start":{"line":12,"column":6},"end":{"line":32,"column":7}},{"start":{},"end":{}}],"line":12},"4":{"loc":{"start":{"line":14,"column":8},"end":{"line":31,"column":9}},"type":"if","locations":[{"start":{"line":14,"column":8},"end":{"line":31,"column":9}},{"start":{"line":16,"column":15},"end":{"line":31,"column":9}}],"line":14},"5":{"loc":{"start":{"line":16,"column":15},"end":{"line":31,"column":9}},"type":"if","locations":[{"start":{"line":16,"column":15},"end":{"line":31,"column":9}},{"start":{"line":19,"column":15},"end":{"line":31,"column":9}}],"line":16},"6":{"loc":{"start":{"line":19,"column":15},"end":{"line":31,"column":9}},"type":"if","locations":[{"start":{"line":19,"column":15},"end":{"line":31,"column":9}},{"start":{"line":23,"column":15},"end":{"line":31,"column":9}}],"line":19},"7":{"loc":{"start":{"line":19,"column":19},"end":{"line":19,"column":86}},"type":"binary-expr","locations":[{"start":{"line":19,"column":19},"end":{"line":19,"column":53}},{"start":{"line":19,"column":57},"end":{"line":19,"column":86}}],"line":19},"8":{"loc":{"start":{"line":24,"column":10},"end":{"line":30,"column":11}},"type":"if","locations":[{"start":{"line":24,"column":10},"end":{"line":30,"column":11}},{"start":{"line":27,"column":17},"end":{"line":30,"column":11}}],"line":24}},"s":{"0":1,"1":3,"2":0,"3":3,"4":3,"5":3,"6":10,"7":10,"8":10,"9":0,"10":10,"11":0,"12":10,"13":1,"14":1,"15":9,"16":2,"17":7,"18":3},"f":{"0":3},"b":{"0":[0,3],"1":[2,1],"2":[10,0],"3":[10,0],"4":[0,10],"5":[0,10],"6":[1,9],"7":[10,3],"8":[2,7]},"_coverageSchema":"1a1c01bbd47fc00a2c39e90264f33305004495a9","hash":"097b7cfc1a6031e9573e7e92a17c32570a5f6686"}
,"/Users/liqingdong/WebstormProjects/handwriting/src/utils/Object/deepEqual.ts": {"path":"/Users/liqingdong/WebstormProjects/handwriting/src/utils/Object/deepEqual.ts","statementMap":{"0":{"start":{"line":1,"column":25},"end":{"line":22,"column":1}},"1":{"start":{"line":2,"column":13},"end":{"line":2,"column":18}},"2":{"start":{"line":3,"column":2},"end":{"line":5,"column":3}},"3":{"start":{"line":4,"column":4},"end":{"line":4,"column":16}},"4":{"start":{"line":6,"column":2},"end":{"line":20,"column":3}},"5":{"start":{"line":7,"column":4},"end":{"line":15,"column":5}},"6":{"start":{"line":8,"column":6},"end":{"line":12,"column":7}},"7":{"start":{"line":9,"column":8},"end":{"line":9,"column":47}},"8":{"start":{"line":11,"column":8},"end":{"line":11,"column":39}},"9":{"start":{"line":14,"column":6},"end":{"line":14,"column":19}},"10":{"start":{"line":17,"column":4},"end":{"line":19,"column":5}},"11":{"start":{"line":18,"column":6},"end":{"line":18,"column":12}},"12":{"start":{"line":21,"column":2},"end":{"line":21,"column":14}}},"fnMap":{"0":{"name":"(anonymous_0)","decl":{"start":{"line":1,"column":25},"end":{"line":1,"column":26}},"loc":{"start":{"line":1,"column":57},"end":{"line":22,"column":1}},"line":1}},"branchMap":{"0":{"loc":{"start":{"line":3,"column":2},"end":{"line":5,"column":3}},"type":"if","locations":[{"start":{"line":3,"column":2},"end":{"line":5,"column":3}},{"start":{},"end":{}}],"line":3},"1":{"loc":{"start":{"line":3,"column":6},"end":{"line":3,"column":70}},"type":"binary-expr","locations":[{"start":{"line":3,"column":6},"end":{"line":3,"column":36}},{"start":{"line":3,"column":40},"end":{"line":3,"column":70}}],"line":3},"2":{"loc":{"start":{"line":7,"column":4},"end":{"line":15,"column":5}},"type":"if","locations":[{"start":{"line":7,"column":4},"end":{"line":15,"column":5}},{"start":{"line":13,"column":11},"end":{"line":15,"column":5}}],"line":7},"3":{"loc":{"start":{"line":8,"column":6},"end":{"line":12,"column":7}},"type":"if","locations":[{"start":{"line":8,"column":6},"end":{"line":12,"column":7}},{"start":{"line":10,"column":13},"end":{"line":12,"column":7}}],"line":8},"4":{"loc":{"start":{"line":17,"column":4},"end":{"line":19,"column":5}},"type":"if","locations":[{"start":{"line":17,"column":4},"end":{"line":19,"column":5}},{"start":{},"end":{}}],"line":17}},"s":{"0":4,"1":32,"2":32,"3":2,"4":30,"5":22,"6":18,"7":2,"8":16,"9":4,"10":22,"11":8,"12":30},"f":{"0":32},"b":{"0":[2,30],"1":[32,15],"2":[18,4],"3":[2,16],"4":[8,14]},"_coverageSchema":"1a1c01bbd47fc00a2c39e90264f33305004495a9","hash":"e49d5b39458d0985e2d6a3e42ca5bb4f6e95ec7c"}
,"/Users/liqingdong/WebstormProjects/handwriting/src/utils/extra/judgment.ts": {"path":"/Users/liqingdong/WebstormProjects/handwriting/src/utils/extra/judgment.ts","statementMap":{"0":{"start":{"line":13,"column":2},"end":{"line":13,"column":76}},"1":{"start":{"line":13,"column":41},"end":{"line":13,"column":76}},"2":{"start":{"line":14,"column":21},"end":{"line":14,"column":23}},"3":{"start":{"line":15,"column":21},"end":{"line":15,"column":63}},"4":{"start":{"line":17,"column":2},"end":{"line":27,"column":3}},"5":{"start":{"line":19,"column":6},"end":{"line":19,"column":22}},"6":{"start":{"line":20,"column":6},"end":{"line":20,"column":12}},"7":{"start":{"line":22,"column":6},"end":{"line":22,"column":21}},"8":{"start":{"line":23,"column":6},"end":{"line":23,"column":12}},"9":{"start":{"line":25,"column":6},"end":{"line":25,"column":20}},"10":{"start":{"line":26,"column":6},"end":{"line":26,"column":12}},"11":{"start":{"line":28,"column":2},"end":{"line":28,"column":14}}},"fnMap":{"0":{"name":"JudgmentType","decl":{"start":{"line":12,"column":16},"end":{"line":12,"column":28}},"loc":{"start":{"line":12,"column":46},"end":{"line":29,"column":1}},"line":12}},"branchMap":{"0":{"loc":{"start":{"line":13,"column":2},"end":{"line":13,"column":76}},"type":"if","locations":[{"start":{"line":13,"column":2},"end":{"line":13,"column":76}},{"start":{},"end":{}}],"line":13},"1":{"loc":{"start":{"line":17,"column":2},"end":{"line":27,"column":3}},"type":"switch","locations":[{"start":{"line":18,"column":4},"end":{"line":20,"column":12}},{"start":{"line":21,"column":4},"end":{"line":23,"column":12}},{"start":{"line":24,"column":4},"end":{"line":26,"column":12}}],"line":17}},"s":{"0":20,"1":13,"2":7,"3":7,"4":7,"5":3,"6":3,"7":2,"8":2,"9":2,"10":2,"11":7},"f":{"0":20},"b":{"0":[13,7],"1":[3,2,2]},"_coverageSchema":"1a1c01bbd47fc00a2c39e90264f33305004495a9","hash":"c86c22fd611fe93dd66fbb4a5240a078d2ccdd4b"}
}
