TN:
SF:src/utils/Array/chunk.ts
FN:1,(anonymous_0)
FNF:1
FNH:1
FNDA:1,(anonymous_0)
DA:1,1
DA:2,1
DA:3,1
DA:4,1
DA:5,1
DA:6,2
DA:8,1
DA:9,1
LF:8
LH:8
BRF:0
BRH:0
end_of_record
TN:
SF:src/utils/Array/compactFalse.ts
FN:4,(anonymous_0)
FN:5,(anonymous_1)
FNF:2
FNH:2
FNDA:1,(anonymous_0)
FNDA:9,(anonymous_1)
DA:4,1
DA:5,1
DA:6,9
DA:7,1
DA:8,8
DA:9,1
DA:11,7
LF:7
LH:7
BRDA:6,0,0,1
BRDA:6,0,1,8
BRDA:6,1,0,9
BRDA:6,1,1,1
BRDA:8,2,0,1
BRDA:8,2,1,7
BRDA:8,3,0,8
BRDA:8,3,1,1
BRF:8
BRH:8
end_of_record
TN:
SF:src/utils/Array/concat.ts
FN:3,(anonymous_0)
FNF:1
FNH:1
FNDA:1,(anonymous_0)
DA:3,1
DA:4,1
DA:5,1
DA:6,3
DA:7,3
DA:8,1
DA:9,2
DA:12,2
DA:15,1
LF:9
LH:9
BRDA:7,0,0,1
BRDA:7,0,1,2
BRF:2
BRH:2
end_of_record
TN:
SF:src/utils/Array/difference.ts
FN:6,(anonymous_0)
FN:7,(anonymous_1)
FNF:2
FNH:2
FNDA:1,(anonymous_0)
FNDA:4,(anonymous_1)
DA:6,1
DA:7,1
DA:8,4
DA:9,4
DA:10,8
DA:11,2
DA:14,4
LF:7
LH:7
BRDA:10,0,0,2
BRDA:10,0,1,6
BRF:2
BRH:2
end_of_record
TN:
SF:src/utils/Array/dropRepeat.ts
FN:1,(anonymous_0)
FN:3,(anonymous_1)
FNF:2
FNH:2
FNDA:1,(anonymous_0)
FNDA:6,(anonymous_1)
DA:1,1
DA:2,1
DA:3,1
DA:4,6
LF:4
LH:4
BRDA:2,0,0,0
BRDA:2,0,1,1
BRF:2
BRH:1
end_of_record
TN:
SF:src/utils/Array/dropRepeatDepth.ts
FN:3,(anonymous_0)
FN:4,(anonymous_1)
FNF:2
FNH:2
FNDA:1,(anonymous_0)
FNDA:7,(anonymous_1)
DA:3,1
DA:4,1
DA:6,7
DA:7,4
DA:9,3
DA:11,7
LF:6
LH:6
BRDA:6,0,0,4
BRDA:6,0,1,3
BRF:2
BRH:2
end_of_record
TN:
SF:src/utils/Array/findIndex.ts
FN:3,(anonymous_0)
FNF:1
FNH:1
FNDA:6,(anonymous_0)
DA:3,2
DA:4,6
DA:5,6
DA:6,6
DA:7,25
DA:8,25
DA:9,6
DA:10,6
DA:13,6
LF:9
LH:9
BRDA:4,0,0,0
BRDA:4,0,1,6
BRDA:4,1,0,6
BRDA:4,1,1,6
BRDA:8,2,0,6
BRDA:8,2,1,19
BRF:6
BRH:5
end_of_record
TN:
SF:src/utils/Array/flat.ts
FN:5,(anonymous_0)
FNF:1
FNH:1
FNDA:3,(anonymous_0)
DA:5,1
DA:6,3
DA:7,3
DA:8,0
DA:9,0
DA:11,3
DA:12,9
DA:13,7
DA:15,2
DA:19,3
LF:10
LH:8
BRDA:7,0,0,0
BRDA:7,0,1,3
BRDA:12,1,0,7
BRDA:12,1,1,2
BRF:4
BRH:3
end_of_record
TN:
SF:src/utils/Array/flattenDepth.ts
FN:1,(anonymous_0)
FNF:1
FNH:1
FNDA:5,(anonymous_0)
DA:1,1
DA:2,5
DA:3,5
DA:4,0
DA:6,5
DA:7,14
DA:8,3
DA:9,3
DA:11,11
DA:15,5
LF:10
LH:9
BRDA:1,0,0,1
BRDA:3,1,0,0
BRDA:3,1,1,5
BRDA:7,2,0,3
BRDA:7,2,1,11
BRDA:7,3,0,14
BRDA:7,3,1,5
BRF:7
BRH:6
end_of_record
TN:
SF:src/utils/Array/fromPairs.ts
FN:1,(anonymous_0)
FNF:1
FNH:1
FNDA:1,(anonymous_0)
DA:1,1
DA:2,1
DA:4,1
DA:5,2
DA:6,0
DA:8,2
DA:11,1
LF:7
LH:6
BRDA:5,0,0,0
BRDA:5,0,1,2
BRF:2
BRH:1
end_of_record
TN:
SF:src/utils/Array/generateArr.ts
FN:1,generateArr
FNF:1
FNH:1
FNDA:1,generateArr
DA:2,1
LF:1
LH:1
BRF:0
BRH:0
end_of_record
TN:
SF:src/utils/Object/deepClone.ts
FN:5,(anonymous_0)
FNF:1
FNH:1
FNDA:3,(anonymous_0)
DA:5,1
DA:6,3
DA:7,3
DA:8,3
DA:10,3
DA:11,10
DA:12,10
DA:14,10
DA:15,0
DA:16,10
DA:18,0
DA:19,10
DA:21,1
DA:22,1
DA:24,9
DA:26,2
DA:29,7
DA:35,3
LF:18
LH:16
BRDA:6,0,0,0
BRDA:6,0,1,3
BRDA:8,1,0,2
BRDA:8,1,1,1
BRDA:11,2,0,10
BRDA:11,2,1,0
BRDA:12,3,0,10
BRDA:12,3,1,0
BRDA:14,4,0,0
BRDA:14,4,1,10
BRDA:16,5,0,0
BRDA:16,5,1,10
BRDA:19,6,0,1
BRDA:19,6,1,9
BRDA:19,7,0,10
BRDA:19,7,1,3
BRDA:24,8,0,2
BRDA:24,8,1,7
BRF:18
BRH:13
end_of_record
TN:
SF:src/utils/Object/deepEqual.ts
FN:1,(anonymous_0)
FNF:1
FNH:1
FNDA:32,(anonymous_0)
DA:1,4
DA:2,32
DA:3,32
DA:4,2
DA:6,30
DA:7,27
DA:8,22
DA:9,2
DA:11,20
DA:14,5
DA:17,30
LF:11
LH:11
BRDA:3,0,0,2
BRDA:3,0,1,30
BRDA:3,1,0,32
BRDA:3,1,1,15
BRDA:7,2,0,22
BRDA:7,2,1,5
BRDA:8,3,0,2
BRDA:8,3,1,20
BRF:8
BRH:8
end_of_record
TN:
SF:src/utils/extra/judgment.ts
FN:12,JudgmentType
FNF:1
FNH:1
FNDA:20,JudgmentType
DA:13,20
DA:14,7
DA:15,7
DA:17,7
DA:19,3
DA:20,3
DA:22,2
DA:23,2
DA:25,2
DA:26,2
DA:28,7
LF:11
LH:11
BRDA:13,0,0,13
BRDA:13,0,1,7
BRDA:17,1,0,3
BRDA:17,1,1,2
BRDA:17,1,2,2
BRF:5
BRH:5
end_of_record
